📄 Document ID: 1ADZc32YGPNHNYerCxwiRdZYEPOLJ8IXtqS-NLgxf9qo has 4 tabs to process.
⏩ Skipping already processed tab: Teesside
⏩ Skipping already processed tab: Bristol
⏩ Skipping already processed tab: London
⏩ Skipping already processed tab: Test ValleyX
📊 Summary for Document: 1ADZc32YGPNHNYerCxwiRdZYEPOLJ8IXtqS-NLgxf9qo
✅ Processed new tabs: 0
⏩ Skipped already processed: 4
ℹ️ All tabs already processed for this document 1ADZc32YGPNHNYerCxwiRdZYEPOLJ8IXtqS-NLgxf9qo.
📄 Document ID: 14pgBME2CennW5Xwd8bCeB1l2EzGfp212L_WcWPL12Nw has 100 tabs to process.
✅ Page created successfully for London!
Page URL: https://www.loclite.co.uk/top-rated-seo-agency-in-london/
✅ Link updated in the sheet successfully!
✅ Page created successfully for Birmingham!
Page URL: https://www.loclite.co.uk/top-rated-seo-agency-in-birmingham/
✅ Link updated in the sheet successfully!
✅ Page created successfully for Manchester!
Page URL: https://www.loclite.co.uk/top-rated-seo-agency-in-manchester/
✅ Link updated in the sheet successfully!
✅ Page created successfully for Liverpool!
Page URL: https://www.loclite.co.uk/top-rated-seo-agency-in-liverpool/
✅ Link updated in the sheet successfully!
✅ Page created successfully for Leeds!
Page URL: https://www.loclite.co.uk/top-rated-seo-agency-in-leeds/
✅ Link updated in the sheet successfully!
✅ Page created successfully for Sheffield!
Page URL: https://www.loclite.co.uk/top-rated-seo-agency-in-sheffield/
✅ Link updated in the sheet successfully!
✅ Page created successfully for Teesside!
Page URL: https://www.loclite.co.uk/top-rated-seo-agency-in-teesside/
✅ Link updated in the sheet successfully!
✅ Page created successfully for Bristol!
Page URL: https://www.loclite.co.uk/top-rated-seo-agency-in-bristol/
✅ Link updated in the sheet successfully!
✅ Page created successfully for Bournemouth and Poole!
Page URL: https://www.loclite.co.uk/top-rated-seo-agency-in-bournemouth-and-poole/
✅ Link updated in the sheet successfully!
✅ Page created successfully for Stoke-on-Trent!
Page URL: https://www.loclite.co.uk/top-rated-seo-agency-in-stoke-on-trent/
✅ Link updated in the sheet successfully!
✅ Page created successfully for Leicester!
Page URL: https://www.loclite.co.uk/top-rated-seo-agency-in-leicester/
✅ Link updated in the sheet successfully!
✅ Page created successfully for Wirral!
Page URL: https://www.loclite.co.uk/top-rated-seo-agency-in-wirral/
✅ Link updated in the sheet successfully!
✅ Page created successfully for Coventry!
Page URL: https://www.loclite.co.uk/top-rated-seo-agency-in-coventry/
✅ Link updated in the sheet successfully!
✅ Page created successfully for Nottingham!
Page URL: https://www.loclite.co.uk/top-rated-seo-agency-in-nottingham/
✅ Link updated in the sheet successfully!
✅ Page created successfully for Bradford!
Page URL: https://www.loclite.co.uk/top-rated-seo-agency-in-bradford/
✅ Link updated in the sheet successfully!
✅ Page created successfully for Newcastle!
Page URL: https://www.loclite.co.uk/top-rated-seo-agency-in-newcastle/
✅ Link updated in the sheet successfully!
✅ Page created successfully for Bolton!
Page URL: https://www.loclite.co.uk/top-rated-seo-agency-in-bolton/
✅ Link updated in the sheet successfully!
✅ Page created successfully for Brighton and Hove!
Page URL: https://www.loclite.co.uk/top-rated-seo-agency-in-brighton-and-hove/
✅ Link updated in the sheet successfully!
✅ Page created successfully for Plymouth!
Page URL: https://www.loclite.co.uk/top-rated-seo-agency-in-plymouth/
✅ Link updated in the sheet successfully!
✅ Page created successfully for Hull!
Page URL: https://www.loclite.co.uk/top-rated-seo-agency-in-hull/
✅ Link updated in the sheet successfully!
✅ Page created successfully for Preston!
Page URL: https://www.loclite.co.uk/top-rated-seo-agency-in-preston/
✅ Link updated in the sheet successfully!
✅ Page created successfully for Derby!
Page URL: https://www.loclite.co.uk/top-rated-seo-agency-in-derby/
✅ Link updated in the sheet successfully!
✅ Page created successfully for Aldershot and Farnborough!
Page URL: https://www.loclite.co.uk/top-rated-seo-agency-in-aldershot-and-farnborough/
✅ Link updated in the sheet successfully!
✅ Page created successfully for Southampton!
Page URL: https://www.loclite.co.uk/top-rated-seo-agency-in-southampton/
✅ Link updated in the sheet successfully!
✅ Page created successfully for Wigan!
Page URL: https://www.loclite.co.uk/top-rated-seo-agency-in-wigan/
✅ Link updated in the sheet successfully!
✅ Page created successfully for Barnsley!
Page URL: https://www.loclite.co.uk/top-rated-seo-agency-in-barnsley/
✅ Link updated in the sheet successfully!
✅ Page created successfully for Portsmouth!
Page URL: https://www.loclite.co.uk/top-rated-seo-agency-in-portsmouth/
✅ Link updated in the sheet successfully!
✅ Page created successfully for Luton!
Page URL: https://www.loclite.co.uk/top-rated-seo-agency-in-luton/
✅ Link updated in the sheet successfully!
✅ Page created successfully for Northampton!
Page URL: https://www.loclite.co.uk/top-rated-seo-agency-in-northampton/
✅ Link updated in the sheet successfully!
✅ Page created successfully for Milton Keynes!
Page URL: https://www.loclite.co.uk/top-rated-seo-agency-in-milton-keynes/
✅ Link updated in the sheet successfully!
✅ Page created successfully for Worthing!
Page URL: https://www.loclite.co.uk/top-rated-seo-agency-in-worthing/
✅ Link updated in the sheet successfully!
✅ Page created successfully for Ipswich!
Page URL: https://www.loclite.co.uk/top-rated-seo-agency-in-ipswich/
✅ Link updated in the sheet successfully!
✅ Page created successfully for Crawley!
Page URL: https://www.loclite.co.uk/top-rated-seo-agency-in-crawley/
✅ Link updated in the sheet successfully!
✅ Page created successfully for Southend-on-Sea!
Page URL: https://www.loclite.co.uk/top-rated-seo-agency-in-southend-on-sea/
✅ Link updated in the sheet successfully!
✅ Page created successfully for Rochdale!
Page URL: https://www.loclite.co.uk/top-rated-seo-agency-in-rochdale/
✅ Link updated in the sheet successfully!
✅ Page created successfully for Warrington!
Page URL: https://www.loclite.co.uk/top-rated-seo-agency-in-warrington/
✅ Link updated in the sheet successfully!
✅ Page created successfully for Mansfield!
Page URL: https://www.loclite.co.uk/top-rated-seo-agency-in-mansfield/
✅ Link updated in the sheet successfully!
✅ Page created successfully for Swindon!
Page URL: https://www.loclite.co.uk/top-rated-seo-agency-in-swindon/
✅ Link updated in the sheet successfully!
✅ Page created successfully for Reading!
Page URL: https://www.loclite.co.uk/top-rated-seo-agency-in-reading/
✅ Link updated in the sheet successfully!
✅ Page created successfully for Blackburn!
Page URL: https://www.loclite.co.uk/top-rated-seo-agency-in-blackburn/
✅ Link updated in the sheet successfully!
✅ Page created successfully for Burnley!
Page URL: https://www.loclite.co.uk/top-rated-seo-agency-in-burnley/
✅ Link updated in the sheet successfully!
✅ Page created successfully for Huddersfield!
Page URL: https://www.loclite.co.uk/top-rated-seo-agency-in-huddersfield/
✅ Link updated in the sheet successfully!
✅ Page created successfully for Oxford!
Page URL: https://www.loclite.co.uk/top-rated-seo-agency-in-oxford/
✅ Link updated in the sheet successfully!
✅ Page created successfully for Wakefield!
Page URL: https://www.loclite.co.uk/top-rated-seo-agency-in-wakefield/
✅ Link updated in the sheet successfully!
✅ Page created successfully for Blackpool!
Page URL: https://www.loclite.co.uk/top-rated-seo-agency-in-blackpool/
✅ Link updated in the sheet successfully!
✅ Page created successfully for Norwich!
Page URL: https://www.loclite.co.uk/top-rated-seo-agency-in-norwich/
✅ Link updated in the sheet successfully!
✅ Page created successfully for Grimsby!
Page URL: https://www.loclite.co.uk/top-rated-seo-agency-in-grimsby/
✅ Link updated in the sheet successfully!
✅ Page created successfully for Telford!
Page URL: https://www.loclite.co.uk/top-rated-seo-agency-in-telford/
✅ Link updated in the sheet successfully!
✅ Page created successfully for Peterborough!
Page URL: https://www.loclite.co.uk/top-rated-seo-agency-in-peterborough/
✅ Link updated in the sheet successfully!
✅ Page created successfully for Gloucester!
Page URL: https://www.loclite.co.uk/top-rated-seo-agency-in-gloucester/
✅ Link updated in the sheet successfully!
✅ Page created successfully for Cambridge!
Page URL: https://www.loclite.co.uk/top-rated-seo-agency-in-cambridge/
✅ Link updated in the sheet successfully!
✅ Page created successfully for Doncaster’s!
Page URL: https://www.loclite.co.uk/top-rated-seo-agency-in-doncasters/
⚠️ City 'Doncaster’s' not found in sheet!
✅ Page created successfully for Hastings!
Page URL: https://www.loclite.co.uk/top-rated-seo-agency-in-hastings/
✅ Link updated in the sheet successfully!
✅ Page created successfully for Edinburgh!
Page URL: https://www.loclite.co.uk/top-rated-seo-agency-in-edinburgh/
✅ Link updated in the sheet successfully!
✅ Page created successfully for Kirklees!
Page URL: https://www.loclite.co.uk/top-rated-seo-agency-in-kirklees/
✅ Link updated in the sheet successfully!
✅ Page created successfully for Fife!
Page URL: https://www.loclite.co.uk/top-rated-seo-agency-in-fife/
✅ Link updated in the sheet successfully!
✅ Page created successfully for North Lanarkshire!
Page URL: https://www.loclite.co.uk/top-rated-seo-agency-in-north-lanarkshire/
⚠️ City 'North Lanarkshire' not found in sheet!
✅ Page created successfully for Cardiff!
Page URL: https://www.loclite.co.uk/top-rated-seo-agency-in-cardiff/
✅ Link updated in the sheet successfully!
✅ Page created successfully for Dudley!
Page URL: https://www.loclite.co.uk/top-rated-seo-agency-in-dudley/
✅ Link updated in the sheet successfully!
✅ Page created successfully for East Riding!
Page URL: https://www.loclite.co.uk/top-rated-seo-agency-in-east-riding/
⚠️ City 'East Riding' not found in sheet!
✅ Page created successfully for South Lanarkshire!
Page URL: https://www.loclite.co.uk/top-rated-seo-agency-in-south-lanarkshire/
⚠️ City 'South Lanarkshire' not found in sheet!
✅ Page created successfully for Belfast!
Page URL: https://www.loclite.co.uk/top-rated-seo-agency-in-belfast/
✅ Link updated in the sheet successfully!
✅ Page created successfully for Sandwell!
Page URL: https://www.loclite.co.uk/top-rated-seo-agency-in-sandwell/
✅ Link updated in the sheet successfully!
✅ Page created successfully for Stockport!
Page URL: https://www.loclite.co.uk/top-rated-seo-agency-in-stockport/
✅ Link updated in the sheet successfully!
✅ Page created successfully for Sefton!
Page URL: https://www.loclite.co.uk/top-rated-seo-agency-in-sefton/
✅ Link updated in the sheet successfully!
✅ Page created successfully for Walsall!
Page URL: https://www.loclite.co.uk/top-rated-seo-agency-in-walsall/
✅ Link updated in the sheet successfully!
✅ Page created successfully for Wolverhampton!
Page URL: https://www.loclite.co.uk/top-rated-seo-agency-in-wolverhampton/
✅ Link updated in the sheet successfully!
✅ Page created successfully for South Gloucestershire!
Page URL: https://www.loclite.co.uk/top-rated-seo-agency-in-south-gloucestershire/
⚠️ City 'South Gloucestershire' not found in sheet!
✅ Page created successfully for Swansea!
Page URL: https://www.loclite.co.uk/top-rated-seo-agency-in-swansea/
✅ Link updated in the sheet successfully!
✅ Page created successfully for Salford!
Page URL: https://www.loclite.co.uk/top-rated-seo-agency-in-salford/
✅ Link updated in the sheet successfully!
✅ Page created successfully for Aberdeenshire!
Page URL: https://www.loclite.co.uk/top-rated-seo-agency-in-aberdeenshire/
✅ Link updated in the sheet successfully!
✅ Page created successfully for Tameside!
Page URL: https://www.loclite.co.uk/top-rated-seo-agency-in-tameside/
✅ Link updated in the sheet successfully!
✅ Page created successfully for Oldham!
Page URL: https://www.loclite.co.uk/top-rated-seo-agency-in-oldham/
✅ Link updated in the sheet successfully!
✅ Page created successfully for Trafford!
Page URL: https://www.loclite.co.uk/top-rated-seo-agency-in-trafford/
✅ Link updated in the sheet successfully!
✅ Page created successfully for Aberdeen!
Page URL: https://www.loclite.co.uk/top-rated-seo-agency-in-aberdeen/
✅ Link updated in the sheet successfully!
✅ Page created successfully for Highland!
Page URL: https://www.loclite.co.uk/top-rated-seo-agency-in-highland/
✅ Link updated in the sheet successfully!
✅ Page created successfully for Solihull!
Page URL: https://www.loclite.co.uk/top-rated-seo-agency-in-solihull/
✅ Link updated in the sheet successfully!
✅ Page created successfully for Gateshead!
Page URL: https://www.loclite.co.uk/top-rated-seo-agency-in-gateshead/
✅ Link updated in the sheet successfully!
✅ Page created successfully for North Tyneside!
Page URL: https://www.loclite.co.uk/top-rated-seo-agency-in-north-tyneside/
⚠️ City 'North Tyneside' not found in sheet!
✅ Page created successfully for Calderdale!
Page URL: https://www.loclite.co.uk/top-rated-seo-agency-in-calderdale/
✅ Link updated in the sheet successfully!
✅ Page created successfully for North Somerset!
Page URL: https://www.loclite.co.uk/top-rated-seo-agency-in-north-somerset/
⚠️ City 'North Somerset' not found in sheet!
✅ Page created successfully for Bury!
Page URL: https://www.loclite.co.uk/top-rated-seo-agency-in-bury/
✅ Link updated in the sheet successfully!
✅ Page created successfully for St Helens!
Page URL: https://www.loclite.co.uk/top-rated-seo-agency-in-st-helens/
✅ Link updated in the sheet successfully!
✅ Page created successfully for Stockton-on-Tees!
Page URL: https://www.loclite.co.uk/top-rated-seo-agency-in-stockton-on-tees/
✅ Link updated in the sheet successfully!
✅ Page created successfully for Renfrewshire!
Page URL: https://www.loclite.co.uk/top-rated-seo-agency-in-renfrewshire/
✅ Link updated in the sheet successfully!
✅ Page created successfully for Thamesdown or Swindon!
Page URL: https://www.loclite.co.uk/top-rated-seo-agency-in-thamesdown-or-swindon/
⚠️ City 'Thamesdown or Swindon' not found in sheet!
✅ Page created successfully for New Forest!
Page URL: https://www.loclite.co.uk/top-rated-seo-agency-in-new-forest/
✅ Link updated in the sheet successfully!
✅ Page created successfully for Caerphilly!
Page URL: https://www.loclite.co.uk/top-rated-seo-agency-in-caerphilly/
✅ Link updated in the sheet successfully!
✅ Page created successfully for Carmarthenshire!
Page URL: https://www.loclite.co.uk/top-rated-seo-agency-in-carmarthenshire/
✅ Link updated in the sheet successfully!
✅ Page created successfully for Wycombe!
Page URL: https://www.loclite.co.uk/top-rated-seo-agency-in-wycombe/
✅ Link updated in the sheet successfully!
✅ Page created successfully for Bournemouth!
Page URL: https://www.loclite.co.uk/top-rated-seo-agency-in-bournemouth/
✅ Link updated in the sheet successfully!
✅ Page created successfully for North East Lincolnshire!
Page URL: https://www.loclite.co.uk/top-rated-seo-agency-in-north-east-lincolnshire/
⚠️ City 'North East Lincolnshire' not found in sheet!
✅ Page created successfully for Chelmsford!
Page URL: https://www.loclite.co.uk/top-rated-seo-agency-in-chelmsford/
✅ Link updated in the sheet successfully!
✅ Page created successfully for Brighton!
Page URL: https://www.loclite.co.uk/top-rated-seo-agency-in-brighton/
✅ Link updated in the sheet successfully!
✅ Page created successfully for South Tyneside!
Page URL: https://www.loclite.co.uk/top-rated-seo-agency-in-south-tyneside/
⚠️ City 'South Tyneside' not found in sheet!
✅ Page created successfully for Charnwood!
Page URL: https://www.loclite.co.uk/top-rated-seo-agency-in-charnwood/
✅ Link updated in the sheet successfully!
✅ Page created successfully for Aylesbury Vale!
Page URL: https://www.loclite.co.uk/top-rated-seo-agency-in-aylesbury-vale/
✅ Link updated in the sheet successfully!
✅ Page created successfully for Colchester!
Page URL: https://www.loclite.co.uk/top-rated-seo-agency-in-colchester/
✅ Link updated in the sheet successfully!
✅ Page created successfully for Huntingdonshire!
Page URL: https://www.loclite.co.uk/top-rated-seo-agency-in-huntingdonshire/
✅ Link updated in the sheet successfully!
✅ Page created successfully for Macclesfield!
Page URL: https://www.loclite.co.uk/top-rated-seo-agency-in-macclesfield/
✅ Link updated in the sheet successfully!
📊 Summary for Document: 14pgBME2CennW5Xwd8bCeB1l2EzGfp212L_WcWPL12Nw
✅ Processed new tabs: 100
⏩ Skipped already processed: 0
✅ All the 100 tabs of the document 14pgBME2CennW5Xwd8bCeB1l2EzGfp212L_WcWPL12Nw processed successfully.
📄 Document ID: 17lEf0F5tkDTXuvt8ZUn0DW53qSdKxl2hXXd0RprQ6-4 has 100 tabs to process.
✅ Page created successfully for West Lothian!
Page URL: https://www.loclite.co.uk/top-rated-seo-agency-in-west-lothian/
⚠️ City 'West Lothian' not found in sheet!
✅ Page created successfully for South Somerset!
Page URL: https://www.loclite.co.uk/top-rated-seo-agency-in-south-somerset/
⚠️ City 'South Somerset' not found in sheet!
✅ Page created successfully for Dundee!
Page URL: https://www.loclite.co.uk/top-rated-seo-agency-in-dundee/
✅ Link updated in the sheet successfully!
✅ Page created successfully for Basingstoke & Deane!
Page URL: https://www.loclite.co.uk/top-rated-seo-agency-in-basingstoke-deane/
✅ Link updated in the sheet successfully!
✅ Page created successfully for Harrogate!
Page URL: https://www.loclite.co.uk/top-rated-seo-agency-in-harrogate/
✅ Link updated in the sheet successfully!
✅ Page created successfully for Dumfries & Galloway!
Page URL: https://www.loclite.co.uk/top-rated-seo-agency-in-dumfries-galloway/
✅ Link updated in the sheet successfully!
✅ Page created successfully for Middlesbrough!
Page URL: https://www.loclite.co.uk/top-rated-seo-agency-in-middlesbrough/
✅ Link updated in the sheet successfully!
✅ Page created successfully for Flintshire!
Page URL: https://www.loclite.co.uk/top-rated-seo-agency-in-flintshire/
✅ Link updated in the sheet successfully!
✅ Page created successfully for Rochester-upon-Medway!
Page URL: https://www.loclite.co.uk/top-rated-seo-agency-in-rochester-upon-medway/
⚠️ City 'Rochester-upon-Medway' not found in sheet!
✅ Page created successfully for The Wrekin!
Page URL: https://www.loclite.co.uk/top-rated-seo-agency-in-the-wrekin/
✅ Link updated in the sheet successfully!
✅ Page created successfully for Newbury!
Page URL: https://www.loclite.co.uk/top-rated-seo-agency-in-newbury/
✅ Link updated in the sheet successfully!
✅ Page created successfully for Falkirk!
Page URL: https://www.loclite.co.uk/top-rated-seo-agency-in-falkirk/
✅ Link updated in the sheet successfully!
✅ Page created successfully for Wokingham!
Page URL: https://www.loclite.co.uk/top-rated-seo-agency-in-wokingham/
✅ Link updated in the sheet successfully!
✅ Page created successfully for Windsor & Maidenhead!
Page URL: https://www.loclite.co.uk/top-rated-seo-agency-in-windsor-maidenhead/
✅ Link updated in the sheet successfully!
✅ Page created successfully for Maidstone!
Page URL: https://www.loclite.co.uk/top-rated-seo-agency-in-maidstone/
✅ Link updated in the sheet successfully!
✅ Page created successfully for Redcar & Cleveland!
Page URL: https://www.loclite.co.uk/top-rated-seo-agency-in-redcar-cleveland/
✅ Link updated in the sheet successfully!
✅ Page created successfully for North Ayrshire!
Page URL: https://www.loclite.co.uk/top-rated-seo-agency-in-north-ayrshire/
⚠️ City 'North Ayrshire' not found in sheet!
✅ Page created successfully for Neath Port Talbot!
Page URL: https://www.loclite.co.uk/top-rated-seo-agency-in-neath-port-talbot/
⚠️ City 'Neath Port Talbot' not found in sheet!
✅ Page created successfully for Poole!
Page URL: https://www.loclite.co.uk/top-rated-seo-agency-in-poole/
✅ Link updated in the sheet successfully!
✅ Page created successfully for Wealden!
Page URL: https://www.loclite.co.uk/top-rated-seo-agency-in-wealden/
✅ Link updated in the sheet successfully!
✅ Page created successfully for Arun!
Page URL: https://www.loclite.co.uk/top-rated-seo-agency-in-arun/
✅ Link updated in the sheet successfully!
✅ Page created successfully for Bedford!
Page URL: https://www.loclite.co.uk/top-rated-seo-agency-in-bedford/
✅ Link updated in the sheet successfully!
✅ Page created successfully for Lancaster!
Page URL: https://www.loclite.co.uk/top-rated-seo-agency-in-lancaster/
✅ Link updated in the sheet successfully!
✅ Page created successfully for Newport!
Page URL: https://www.loclite.co.uk/top-rated-seo-agency-in-newport/
✅ Link updated in the sheet successfully!
✅ Page created successfully for Canterbury!
Page URL: https://www.loclite.co.uk/top-rated-seo-agency-in-canterbury/
✅ Link updated in the sheet successfully!
✅ Page created successfully for Dacorum!
Page URL: https://www.loclite.co.uk/top-rated-seo-agency-in-dacorum/
✅ Link updated in the sheet successfully!
✅ Page created successfully for Cherwell!
Page URL: https://www.loclite.co.uk/top-rated-seo-agency-in-cherwell/
✅ Link updated in the sheet successfully!
✅ Page created successfully for Perth & Kinross!
Page URL: https://www.loclite.co.uk/top-rated-seo-agency-in-perth-kinross/
✅ Link updated in the sheet successfully!
✅ Page created successfully for Thurrock!
Page URL: https://www.loclite.co.uk/top-rated-seo-agency-in-thurrock/
✅ Link updated in the sheet successfully!
✅ Page created successfully for Tendring!
Page URL: https://www.loclite.co.uk/top-rated-seo-agency-in-tendring/
✅ Link updated in the sheet successfully!
✅ Page created successfully for Kings Lynn & West Norfolk!
Page URL: https://www.loclite.co.uk/top-rated-seo-agency-in-kings-lynn-west-norfolk/
✅ Link updated in the sheet successfully!
✅ Page created successfully for St Albans!
Page URL: https://www.loclite.co.uk/top-rated-seo-agency-in-st-albans/
✅ Link updated in the sheet successfully!
✅ Page created successfully for Bridgend!
Page URL: https://www.loclite.co.uk/top-rated-seo-agency-in-bridgend/
✅ Link updated in the sheet successfully!
✅ Page created successfully for South Cambridgeshire!
Page URL: https://www.loclite.co.uk/top-rated-seo-agency-in-south-cambridgeshire/
⚠️ City 'South Cambridgeshire' not found in sheet!
✅ Page created successfully for Braintree!
Page URL: https://www.loclite.co.uk/top-rated-seo-agency-in-braintree/
✅ Link updated in the sheet successfully!
✅ Page created successfully for Thanet!
Page URL: https://www.loclite.co.uk/top-rated-seo-agency-in-thanet/
✅ Link updated in the sheet successfully!
✅ Page created successfully for Isle of Wight!
Page URL: https://www.loclite.co.uk/top-rated-seo-agency-in-isle-of-wight/
✅ Link updated in the sheet successfully!
✅ Page created successfully for Mid Sussex!
Page URL: https://www.loclite.co.uk/top-rated-seo-agency-in-mid-sussex/
✅ Link updated in the sheet successfully!
✅ Page created successfully for South Oxfordshire!
Page URL: https://www.loclite.co.uk/top-rated-seo-agency-in-south-oxfordshire/
⚠️ City 'South Oxfordshire' not found in sheet!
✅ Page created successfully for Guildford!
Page URL: https://www.loclite.co.uk/top-rated-seo-agency-in-guildford/
✅ Link updated in the sheet successfully!
✅ Page created successfully for Elmbridge!
Page URL: https://www.loclite.co.uk/top-rated-seo-agency-in-elmbridge/
✅ Link updated in the sheet successfully!
✅ Page created successfully for Stafford!
Page URL: https://www.loclite.co.uk/top-rated-seo-agency-in-stafford/
✅ Link updated in the sheet successfully!
✅ Page created successfully for Powys!
Page URL: https://www.loclite.co.uk/top-rated-seo-agency-in-powys/
✅ Link updated in the sheet successfully!
✅ Page created successfully for East Hertfordshire!
Page URL: https://www.loclite.co.uk/top-rated-seo-agency-in-east-hertfordshire/
⚠️ City 'East Hertfordshire' not found in sheet!
✅ Page created successfully for Torbay!
Page URL: https://www.loclite.co.uk/top-rated-seo-agency-in-torbay/
✅ Link updated in the sheet successfully!
✅ Page created successfully for Wrexham Maelor!
Page URL: https://www.loclite.co.uk/top-rated-seo-agency-in-wrexham-maelor/
✅ Link updated in the sheet successfully!
✅ Page created successfully for East Devon!
Page URL: https://www.loclite.co.uk/top-rated-seo-agency-in-east-devon/
⚠️ City 'East Devon' not found in sheet!
✅ Page created successfully for East Lindsey!
Page URL: https://www.loclite.co.uk/top-rated-seo-agency-in-east-lindsey/
⚠️ City 'East Lindsey' not found in sheet!
✅ Page created successfully for Halton!
Page URL: https://www.loclite.co.uk/top-rated-seo-agency-in-halton/
✅ Link updated in the sheet successfully!
✅ Page created successfully for Warwick!
Page URL: https://www.loclite.co.uk/top-rated-seo-agency-in-warwick/
✅ Link updated in the sheet successfully!
✅ Page created successfully for North Wiltshire!
Page URL: https://www.loclite.co.uk/top-rated-seo-agency-in-north-wiltshire/
⚠️ City 'North Wiltshire' not found in sheet!
✅ Page created successfully for South Kesteven!
Page URL: https://www.loclite.co.uk/top-rated-seo-agency-in-south-kesteven/
⚠️ City 'South Kesteven' not found in sheet!
✅ Page created successfully for Epping Forest!
Page URL: https://www.loclite.co.uk/top-rated-seo-agency-in-epping-forest/
✅ Link updated in the sheet successfully!
✅ Page created successfully for Vale of Glamorgan!
Page URL: https://www.loclite.co.uk/top-rated-seo-agency-in-vale-of-glamorgan/
✅ Link updated in the sheet successfully!
✅ Page created successfully for Reigate & Banstead!
Page URL: https://www.loclite.co.uk/top-rated-seo-agency-in-reigate-banstead/
✅ Link updated in the sheet successfully!
✅ Page created successfully for Chester!
Page URL: https://www.loclite.co.uk/top-rated-seo-agency-in-chester/
✅ Link updated in the sheet successfully!
✅ Page created successfully for Mid Bedfordshire!
Page URL: https://www.loclite.co.uk/top-rated-seo-agency-in-mid-bedfordshire/
✅ Link updated in the sheet successfully!
✅ Page created successfully for Suffolk Coastal!
Page URL: https://www.loclite.co.uk/top-rated-seo-agency-in-suffolk-coastal/
⚠️ City 'Suffolk Coastal' not found in sheet!
✅ Page created successfully for Horsham!
Page URL: https://www.loclite.co.uk/top-rated-seo-agency-in-horsham/
✅ Link updated in the sheet successfully!
✅ Page created successfully for Nuneaton & Bedworth!
Page URL: https://www.loclite.co.uk/top-rated-seo-agency-in-nuneaton-bedworth/
✅ Link updated in the sheet successfully!
✅ Page created successfully for Gwynedd!
Page URL: https://www.loclite.co.uk/top-rated-seo-agency-in-gwynedd/
✅ Link updated in the sheet successfully!
✅ Page created successfully for Swale!
Page URL: https://www.loclite.co.uk/top-rated-seo-agency-in-swale/
✅ Link updated in the sheet successfully!
✅ Page created successfully for Havant & Waterloo!
Page URL: https://www.loclite.co.uk/top-rated-seo-agency-in-havant-waterloo/
✅ Link updated in the sheet successfully!
✅ Page created successfully for Teignbridge!
Page URL: https://www.loclite.co.uk/top-rated-seo-agency-in-teignbridge/
✅ Link updated in the sheet successfully!
✅ Page created successfully for Amber Valley!
Page URL: https://www.loclite.co.uk/top-rated-seo-agency-in-amber-valley/
✅ Link updated in the sheet successfully!
✅ Page created successfully for North Hertfordshire!
Page URL: https://www.loclite.co.uk/top-rated-seo-agency-in-north-hertfordshire/
⚠️ City 'North Hertfordshire' not found in sheet!
✅ Page created successfully for Waverley!
Page URL: https://www.loclite.co.uk/top-rated-seo-agency-in-waverley/
✅ Link updated in the sheet successfully!
✅ Page created successfully for Broadland!
Page URL: https://www.loclite.co.uk/top-rated-seo-agency-in-broadland/
✅ Link updated in the sheet successfully!
✅ Page created successfully for Crewe & Nantwich!
Page URL: https://www.loclite.co.uk/top-rated-seo-agency-in-crewe-nantwich/
✅ Link updated in the sheet successfully!
✅ Page created successfully for Breckland!
Page URL: https://www.loclite.co.uk/top-rated-seo-agency-in-breckland/
✅ Link updated in the sheet successfully!
✅ Page created successfully for Pembrokeshire!
Page URL: https://www.loclite.co.uk/top-rated-seo-agency-in-pembrokeshire/
✅ Link updated in the sheet successfully!
✅ Page created successfully for Vale of White Horse!
Page URL: https://www.loclite.co.uk/top-rated-seo-agency-in-vale-of-white-horse/
✅ Link updated in the sheet successfully!
✅ Page created successfully for Salisbury!
Page URL: https://www.loclite.co.uk/top-rated-seo-agency-in-salisbury/
✅ Link updated in the sheet successfully!
✅ Page created successfully for Gedling!
Page URL: https://www.loclite.co.uk/top-rated-seo-agency-in-gedling/
✅ Link updated in the sheet successfully!
✅ Page created successfully for Eastleigh!
Page URL: https://www.loclite.co.uk/top-rated-seo-agency-in-eastleigh/
⚠️ City 'Eastleigh' not found in sheet!
✅ Page created successfully for Broxtowe!
Page URL: https://www.loclite.co.uk/top-rated-seo-agency-in-broxtowe/
✅ Link updated in the sheet successfully!
✅ Page created successfully for Stratford-on-Avon!
Page URL: https://www.loclite.co.uk/top-rated-seo-agency-in-stratford-on-avon/
✅ Link updated in the sheet successfully!
✅ Page created successfully for South Bedfordshire!
Page URL: https://www.loclite.co.uk/top-rated-seo-agency-in-south-bedfordshire/
⚠️ City 'South Bedfordshire' not found in sheet!
✅ Page created successfully for Angus!
Page URL: https://www.loclite.co.uk/top-rated-seo-agency-in-angus/
✅ Link updated in the sheet successfully!
✅ Page created successfully for East Hampshire!
Page URL: https://www.loclite.co.uk/top-rated-seo-agency-in-east-hampshire/
⚠️ City 'East Hampshire' not found in sheet!
✅ Page created successfully for East Dunbartonshire!
Page URL: https://www.loclite.co.uk/top-rated-seo-agency-in-east-dunbartonshire/
⚠️ City 'East Dunbartonshire' not found in sheet!
✅ Page created successfully for Conway!
Page URL: https://www.loclite.co.uk/top-rated-seo-agency-in-conway/
✅ Link updated in the sheet successfully!
✅ Page created successfully for Sevenoaks!
Page URL: https://www.loclite.co.uk/top-rated-seo-agency-in-sevenoaks/
✅ Link updated in the sheet successfully!
✅ Page created successfully for Slough!
Page URL: https://www.loclite.co.uk/top-rated-seo-agency-in-slough/
✅ Link updated in the sheet successfully!
✅ Page created successfully for Bracknell Forest!
Page URL: https://www.loclite.co.uk/top-rated-seo-agency-in-bracknell-forest/
✅ Link updated in the sheet successfully!
✅ Page created successfully for West Lancashire!
Page URL: https://www.loclite.co.uk/top-rated-seo-agency-in-west-lancashire/
⚠️ City 'West Lancashire' not found in sheet!
✅ Page created successfully for West Wiltshire!
Page URL: https://www.loclite.co.uk/top-rated-seo-agency-in-west-wiltshire/
⚠️ City 'West Wiltshire' not found in sheet!
✅ Page created successfully for Ashfield!
Page URL: https://www.loclite.co.uk/top-rated-seo-agency-in-ashfield/
✅ Link updated in the sheet successfully!
✅ Page created successfully for Lisburn!
Page URL: https://www.loclite.co.uk/top-rated-seo-agency-in-lisburn/
✅ Link updated in the sheet successfully!
✅ Page created successfully for Scarborough!
Page URL: https://www.loclite.co.uk/top-rated-seo-agency-in-scarborough/
✅ Link updated in the sheet successfully!
✅ Page created successfully for Stroud!
Page URL: https://www.loclite.co.uk/top-rated-seo-agency-in-stroud/
✅ Link updated in the sheet successfully!
✅ Page created successfully for Wychavon!
Page URL: https://www.loclite.co.uk/top-rated-seo-agency-in-wychavon/
✅ Link updated in the sheet successfully!
✅ Page created successfully for Waveney!
Page URL: https://www.loclite.co.uk/top-rated-seo-agency-in-waveney/
✅ Link updated in the sheet successfully!
✅ Page created successfully for Exeter!
Page URL: https://www.loclite.co.uk/top-rated-seo-agency-in-exeter/
✅ Link updated in the sheet successfully!
✅ Page created successfully for Dover!
Page URL: https://www.loclite.co.uk/top-rated-seo-agency-in-dover/
✅ Link updated in the sheet successfully!
✅ Page created successfully for Test Valley!
Page URL: https://www.loclite.co.uk/top-rated-seo-agency-in-test-valley/
✅ Link updated in the sheet successfully!
✅ Page created successfully for Erewash!
Page URL: https://www.loclite.co.uk/top-rated-seo-agency-in-erewash/
✅ Link updated in the sheet successfully!
✅ Page created successfully for Cheltenham!
Page URL: https://www.loclite.co.uk/top-rated-seo-agency-in-cheltenham/
✅ Link updated in the sheet successfully!
✅ Page created successfully for Bassetlaw!
Page URL: https://www.loclite.co.uk/top-rated-seo-agency-in-bassetlaw/
✅ Link updated in the sheet successfully!
✅ Page created successfully for Scottish Borders!
Page URL: https://www.loclite.co.uk/top-rated-seo-agency-in-scottish-borders/
✅ Link updated in the sheet successfully!
📊 Summary for Document: 17lEf0F5tkDTXuvt8ZUn0DW53qSdKxl2hXXd0RprQ6-4
✅ Processed new tabs: 100
⏩ Skipped already processed: 0
✅ All the 100 tabs of the document 17lEf0F5tkDTXuvt8ZUn0DW53qSdKxl2hXXd0RprQ6-4 processed successfully.
2025-10-22 12:37:20,277 - logging_config - INFO - 📄 Document ID: 1ADZc32YGPNHNYerCxwiRdZYEPOLJ8IXtqS-NLgxf9qo has 4 tabs to process.
2025-10-22 12:37:20,301 - logging_config - INFO - Reading Teesside tab content...
2025-10-22 12:37:20,302 - logging_config - INFO - ⏩ Skipping already processed tab: Teesside
2025-10-22 12:37:20,302 - logging_config - INFO - Reading Bristol tab content...
2025-10-22 12:37:20,302 - logging_config - INFO - ⏩ Skipping already processed tab: Bristol
2025-10-22 12:37:20,302 - logging_config - INFO - Reading London tab content...
2025-10-22 12:37:20,302 - logging_config - INFO - ⏩ Skipping already processed tab: London
2025-10-22 12:37:20,302 - logging_config - INFO - Reading Test ValleyX tab content...
2025-10-22 12:37:20,302 - logging_config - INFO - ⏩ Skipping already processed tab: Test ValleyX
2025-10-22 12:37:20,316 - logging_config - INFO - ✅ Processed new tabs: 0
2025-10-22 12:37:20,316 - logging_config - INFO - ⏩ Skipped already processed: 4
2025-10-22 12:37:20,316 - logging_config - INFO - ℹ️ All tabs already processed for this document 1ADZc32YGPNHNYerCxwiRdZYEPOLJ8IXtqS-NLgxf9qo.
2025-10-22 12:38:17,684 - INFO - 📄 Document ID: 1ADZc32YGPNHNYerCxwiRdZYEPOLJ8IXtqS-NLgxf9qo has 4 tabs to process.
2025-10-22 12:38:17,686 - INFO - Reading Teesside tab content...
2025-10-22 12:38:17,687 - INFO - ⏩ Skipping already processed tab: Teesside
2025-10-22 12:38:17,688 - INFO - Reading Bristol tab content...
2025-10-22 12:38:17,688 - INFO - ⏩ Skipping already processed tab: Bristol
2025-10-22 12:38:17,688 - INFO - Reading London tab content...
2025-10-22 12:38:17,688 - INFO - ⏩ Skipping already processed tab: London
2025-10-22 12:38:17,689 - INFO - Reading Test ValleyX tab content...
2025-10-22 12:38:17,689 - INFO - ⏩ Skipping already processed tab: Test ValleyX
2025-10-22 12:38:17,695 - INFO - ✅ Processed new tabs: 0
2025-10-22 12:38:17,696 - INFO - ⏩ Skipped already processed: 4
2025-10-22 12:38:17,696 - INFO - ℹ️ All tabs already processed for this document 1ADZc32YGPNHNYerCxwiRdZYEPOLJ8IXtqS-NLgxf9qo.
2025-10-22 12:57:33,018 - INFO - 📄 Document ID: 1ADZc32YGPNHNYerCxwiRdZYEPOLJ8IXtqS-NLgxf9qo has 4 tabs to process.
2025-10-22 12:57:33,018 - INFO - ⏩ Skipping already processed tab: Teesside
2025-10-22 12:57:33,019 - INFO - ⏩ Skipping already processed tab: Bristol
2025-10-22 12:57:33,019 - INFO - ⏩ Skipping already processed tab: London
2025-10-22 12:57:33,019 - INFO - ⏩ Skipping already processed tab: Test ValleyX
2025-10-22 12:57:33,023 - INFO - ✅ Processed new tabs: 0
2025-10-22 12:57:33,023 - INFO - ⏩ Skipped already processed: 4
2025-10-22 12:57:33,023 - INFO - ℹ️ All tabs already processed for this document 1ADZc32YGPNHNYerCxwiRdZYEPOLJ8IXtqS-NLgxf9qo.
2025-10-22 13:03:16,627 - INFO - 📄 Document ID: 1ADZc32YGPNHNYerCxwiRdZYEPOLJ8IXtqS-NLgxf9qo has 4 tabs to process.
2025-10-22 13:03:16,628 - INFO - ⏩ Skipping already processed tab: Teesside
2025-10-22 13:03:16,628 - INFO - ⏩ Skipping already processed tab: Bristol
2025-10-22 13:03:16,628 - INFO - ⏩ Skipping already processed tab: London
2025-10-22 13:03:16,628 - INFO - ⏩ Skipping already processed tab: Test ValleyX
2025-10-22 13:03:16,631 - INFO - ✅ Processed new tabs: 0
2025-10-22 13:03:16,631 - INFO - ⏩ Skipped already processed: 4
2025-10-22 13:03:16,631 - INFO - ℹ️ All tabs already processed for this document 1ADZc32YGPNHNYerCxwiRdZYEPOLJ8IXtqS-NLgxf9qo.
2025-10-22 13:06:34,371 - INFO - 📄 Document ID: 1ADZc32YGPNHNYerCxwiRdZYEPOLJ8IXtqS-NLgxf9qo has 4 tabs to process.
2025-10-22 13:06:34,372 - INFO - ⏩ Skipping already processed tab: Teesside
2025-10-22 13:06:34,373 - INFO - ⏩ Skipping already processed tab: Bristol
2025-10-22 13:06:34,373 - INFO - ⏩ Skipping already processed tab: London
2025-10-22 13:06:34,373 - INFO - ⏩ Skipping already processed tab: Test ValleyX
2025-10-22 13:06:34,379 - INFO - ✅ Processed new tabs: 0
2025-10-22 13:06:34,379 - INFO - ⏩ Skipped already processed: 4
2025-10-22 13:06:34,380 - INFO - ℹ️ All tabs already processed for this document 1ADZc32YGPNHNYerCxwiRdZYEPOLJ8IXtqS-NLgxf9qo.
2025-10-22 13:08:43,758 - INFO - 📄 Document ID: 1ADZc32YGPNHNYerCxwiRdZYEPOLJ8IXtqS-NLgxf9qo has 4 tabs to process.
2025-10-22 13:08:43,758 - INFO - ⏩ Skipping already processed tab: Teesside
2025-10-22 13:08:43,759 - INFO - ⏩ Skipping already processed tab: Bristol
2025-10-22 13:08:43,759 - INFO - ⏩ Skipping already processed tab: London
2025-10-22 13:08:43,759 - INFO - ⏩ Skipping already processed tab: Test ValleyX
2025-10-22 13:08:43,759 - INFO - 📊 Summary for Document: 1ADZc32YGPNHNYerCxwiRdZYEPOLJ8IXtqS-NLgxf9qo
2025-10-22 13:08:43,759 - INFO - ✅ Processed new tabs: 0
2025-10-22 13:08:43,759 - INFO - ⏩ Skipped already processed: 4
2025-10-22 13:08:43,759 - INFO - ℹ️ All tabs already processed for this document 1ADZc32YGPNHNYerCxwiRdZYEPOLJ8IXtqS-NLgxf9qo.
